Arguments: 
  /home/webclues-06/.nvm/versions/node/v14.17.3/bin/node /home/webclues-06/.nvm/versions/node/v14.17.3/bin/yarn add @hookform

PATH: 
  /home/webclues-06/.nvm/versions/node/v14.17.3/bin:/usr/local/sbin:/usr/local/bin:/usr/sbin:/usr/bin:/sbin:/bin:/usr/games:/usr/local/games:/snap/bin

Yarn version: 
  1.22.11

Node version: 
  14.17.3

Platform: 
  linux x64

Trace: 
  Error: https://registry.yarnpkg.com/@hookform: Request "https://registry.yarnpkg.com/@hookform" returned a 405
      at Request.params.callback [as _callback] (/home/webclues-06/.nvm/versions/node/v14.17.3/lib/node_modules/yarn/lib/cli.js:67001:18)
      at Request.self.callback (/home/webclues-06/.nvm/versions/node/v14.17.3/lib/node_modules/yarn/lib/cli.js:140763:22)
      at Request.emit (events.js:375:28)
      at Request.<anonymous> (/home/webclues-06/.nvm/versions/node/v14.17.3/lib/node_modules/yarn/lib/cli.js:141735:10)
      at Request.emit (events.js:375:28)
      at IncomingMessage.<anonymous> (/home/webclues-06/.nvm/versions/node/v14.17.3/lib/node_modules/yarn/lib/cli.js:141657:12)
      at Object.onceWrapper (events.js:481:28)
      at IncomingMessage.emit (events.js:387:35)
      at endReadableNT (internal/streams/readable.js:1317:12)
      at processTicksAndRejections (internal/process/task_queues.js:82:21)

npm manifest: 
  {
    "name": "react-login",
    "version": "1.0.0",
    "description": "",
    "main": "app.js",
    "scripts": {
      "test": "echo \"Error: no test specified\" && exit 1"
    },
    "repository": {
      "type": "git",
      "url": "git+https://github.com/Mrudul-Panchal/react-login.git"
    },
    "author": "Mrudul",
    "license": "ISC",
    "bugs": {
      "url": "https://github.com/Mrudul-Panchal/react-login/issues"
    },
    "homepage": "https://github.com/Mrudul-Panchal/react-login#readme",
    "dependencies": {
      "body-parser": "^1.19.0",
      "express": "^4.17.1",
      "node-json-db": "^1.3.0",
      "speakeasy": "^2.0.0",
      "uuid": "^8.3.2"
    }
  }

yarn manifest: 
  No manifest

Lockfile: 
  No lockfile
